<?xml version="1.0" encoding="UTF-8"?>
<!-- Generated by org.testng.reporters.JUnitReportReporter -->
<testsuite skipped="0" hostname="Raghav" name="com.actitime.timetrack.Demo" tests="1" failures="0" timestamp="2020-09-15T08:43:09 IST" time="0.009" errors="0">
  <testcase name="run" time="0.009" classname="com.actitime.timetrack.Demo"/>
  <system-out>
Maven Tests Successully running  </system-out>
</testsuite> <!-- com.actitime.timetrack.Demo -->
