<?xml version="1.0" encoding="UTF-8"?>
<!-- Generated by org.testng.reporters.JUnitReportReporter -->
<testsuite hostname="Raghav" name="com.actitime.timetrack.Demo" tests="1" failures="0" timestamp="15 Sep 2020 02:49:00 GMT" time="0.028" errors="0">
  <testcase name="run" time="0.028" classname="com.actitime.timetrack.Demo"/>
</testsuite> <!-- com.actitime.timetrack.Demo -->
